<?xml version="1.0" encoding="UTF-8"?>
<!-- Generated by org.testng.reporters.JUnitReportReporter -->
<testsuite hostname="LAPTOP-GULBAHAR" failures="0" tests="1" name="TestScript.LoginTest" time="4.452" errors="0" timestamp="2024-02-09T16:20:22 IST" skipped="0">
  <testcase classname="TestScript.LoginTest" name="login" time="4.452"/>
  <system-out>
    <![CDATA[Login Link Clicked
Successfully Login]]>
  </system-out>
</testsuite> <!-- TestScript.LoginTest -->
