<?xml version="1.0" encoding="UTF-8"?>
<!-- Generated by org.testng.reporters.JUnitReportReporter -->
<testsuite hostname="LAPTOP-GULBAHAR" failures="0" tests="1" name="TestScript.Sample4Test" time="11.005" errors="0" timestamp="2024-02-12T15:24:14 IST" skipped="0">
  <testcase classname="TestScript.Sample4Test" name="openBrowser" time="11.005"/>
  <system-out>
    <![CDATA[TC executed succsessfully]]>
  </system-out>
</testsuite> <!-- TestScript.Sample4Test -->
