<?xml version="1.0" encoding="UTF-8"?>
<!-- Generated by org.testng.reporters.JUnitReportReporter -->
<testsuite hostname="LAPTOP-GULBAHAR" failures="0" tests="1" name="TestScript.AddScreenShotWithExtentReportTest" time="6.872" errors="0" timestamp="2024-02-12T15:32:11 IST" skipped="0">
  <testcase classname="TestScript.AddScreenShotWithExtentReportTest" name="openBrowser" time="6.872"/>
  <system-out>
    <![CDATA[TC executed succsessfully]]>
  </system-out>
</testsuite> <!-- TestScript.AddScreenShotWithExtentReportTest -->
