<?xml version="1.0" encoding="UTF-8"?>
<!-- Generated by org.testng.reporters.JUnitReportReporter -->
<testsuite hostname="LAPTOP-GULBAHAR" failures="0" tests="1" name="TestScript.Sample1Test$SampleTest" time="0.010" errors="0" timestamp="2024-02-09T14:59:39 IST" skipped="0">
  <testcase classname="TestScript.Sample1Test$SampleTest" name="testCase" time="0.010"/>
  <system-out>
    <![CDATA[Sample Test1 executed]]>
  </system-out>
</testsuite> <!-- TestScript.Sample1Test$SampleTest -->
