<?xml version="1.0" encoding="UTF-8"?>
<!-- Generated by org.testng.reporters.JUnitReportReporter -->
<testsuite hostname="LAPTOP-GULBAHAR" failures="0" tests="1" name="TestScript.SampleTest1$SampleTest" time="0.008" errors="0" timestamp="2024-02-09T12:10:41 IST" skipped="0">
  <testcase classname="TestScript.SampleTest1$SampleTest" name="testCase" time="0.008"/>
  <system-out>
    <![CDATA[Sample Test1]]>
  </system-out>
</testsuite> <!-- TestScript.SampleTest1$SampleTest -->
