<?xml version="1.0" encoding="UTF-8"?>
<!-- Generated by org.testng.reporters.JUnitReportReporter -->
<testsuite hostname="LAPTOP-GULBAHAR" failures="0" tests="1" name="TestScript.Sample3Test" time="0.719" errors="0" timestamp="2024-02-12T15:23:30 IST" skipped="0">
  <testcase classname="TestScript.Sample3Test" name="testCase" time="0.719"/>
  <system-out/>
</testsuite> <!-- TestScript.Sample3Test -->
