<?xml version="1.0" encoding="UTF-8"?>
<!-- Generated by org.testng.reporters.JUnitReportReporter -->
<testsuite hostname="LAPTOP-GULBAHAR" failures="0" tests="1" name="TestScript.Sample2Test" time="0.016" errors="0" timestamp="2024-02-09T15:01:43 IST" skipped="0">
  <testcase classname="TestScript.Sample2Test" name="testCase" time="0.016"/>
  <system-out/>
</testsuite> <!-- TestScript.Sample2Test -->
