<?xml version="1.0" encoding="UTF-8"?>
<!-- Generated by org.testng.reporters.JUnitReportReporter -->
<testsuite hostname="LAPTOP-GULBAHAR" failures="0" tests="1" name="TestScript.SampleTest" time="0.009" errors="0" timestamp="2024-02-09T12:08:19 IST" skipped="0">
  <testcase classname="TestScript.SampleTest" name="testCase" time="0.009"/>
  <system-out>
    <![CDATA[Sample Test]]>
  </system-out>
</testsuite> <!-- TestScript.SampleTest -->
